<?xml version="1.0" encoding="UTF-8"?>
<!-- Generated by org.testng.reporters.JUnitReportReporter -->
<testsuite hostname="DESKTOP-C5EIA9U" failures="0" tests="1" name="expath.Ps01" time="0.021" errors="0" timestamp="2024-08-12T16:51:19 IST" skipped="0">
  <testcase classname="expath.Ps01" name="mul" time="0.021"/>
</testsuite> <!-- expath.Ps01 -->
