<?xml version="1.0" encoding="UTF-8"?>
<!-- Generated by org.testng.reporters.JUnitReportReporter -->
<testsuite hostname="DESKTOP-C5EIA9U" failures="0" tests="1" name="expath.Ps1" time="0.020" errors="0" timestamp="2024-08-12T16:23:47 IST" skipped="0">
  <testcase classname="expath.Ps1" name="cal" time="0.020"/>
</testsuite> <!-- expath.Ps1 -->
