<?xml version="1.0" encoding="UTF-8"?>
<!-- Generated by org.testng.reporters.JUnitReportReporter -->
<testsuite hostname="DESKTOP-C5EIA9U" failures="0" tests="1" name="amazon.addtocart.HomeLoan" time="0.003" errors="0" timestamp="2024-08-12T15:41:44 IST" skipped="0">
  <testcase classname="amazon.addtocart.HomeLoan" name="Ghar" time="0.003"/>
</testsuite> <!-- amazon.addtocart.HomeLoan -->
