<?xml version="1.0" encoding="UTF-8"?>
<!-- Generated by org.testng.reporters.JUnitReportReporter -->
<testsuite hostname="DESKTOP-C5EIA9U" failures="0" tests="3" name="amazon.addtocart.CarLoan" time="0.028" errors="0" timestamp="2024-08-12T15:41:44 IST" skipped="1">
  <testcase classname="amazon.addtocart.CarLoan" name="Toyoto" time="0.021"/>
  <testcase classname="amazon.addtocart.CarLoan" name="lamborgeni" time="0.007"/>
  <testcase classname="amazon.addtocart.CarLoan" name="Maruti">
    <skipped/>
  </testcase> <!-- Maruti -->
</testsuite> <!-- amazon.addtocart.CarLoan -->
